<?xml version="1.0" encoding="UTF-8"?>
<!-- Generated by org.testng.reporters.JUnitReportReporter -->
<testsuite skipped="0" hostname="Dell" name="DataDrivenTesting.DDTFacebookLogin" tests="4" failures="0" timestamp="02 Mar 2018 18:10:58 GMT" time="55.518" errors="0">
  <testcase name="doLogin" time="21.136" classname="DataDrivenTesting.DDTFacebookLogin"/>
  <testcase name="doLogin" time="15.176" classname="DataDrivenTesting.DDTFacebookLogin"/>
  <testcase name="doLogin" time="8.993" classname="DataDrivenTesting.DDTFacebookLogin"/>
  <testcase name="doLogin" time="10.213" classname="DataDrivenTesting.DDTFacebookLogin"/>
</testsuite> <!-- DataDrivenTesting.DDTFacebookLogin -->
