<?xml version="1.0" encoding="UTF-8"?>
<!-- Generated by org.testng.reporters.JUnitReportReporter -->
<testsuite skipped="0" hostname="Dell" name="jenkinsSeleniumIntegration.JenkinsSeleniumIntegrationTest" tests="1" failures="0" timestamp="04 Apr 2018 16:06:05 GMT" time="0.009" errors="0">
  <testcase name="JenkinsSeleniumIntegrationMethod" time="0.009" classname="jenkinsSeleniumIntegration.JenkinsSeleniumIntegrationTest"/>
</testsuite> <!-- jenkinsSeleniumIntegration.JenkinsSeleniumIntegrationTest -->
