<?xml version="1.0" encoding="UTF-8"?>
<!-- Generated by org.testng.reporters.JUnitReportReporter -->
<testsuite skipped="0" hostname="Dell" name="popupHandel.FileUploadPopup" tests="1" failures="0" timestamp="13 Mar 2018 18:00:30 GMT" time="29.432" errors="0">
  <testcase name="handleAlertPopup" time="29.432" classname="popupHandel.FileUploadPopup"/>
</testsuite> <!-- popupHandel.FileUploadPopup -->
