<?xml version="1.0" encoding="UTF-8"?>
<!-- Generated by org.testng.reporters.JUnitReportReporter -->
<testsuite skipped="0" hostname="Dell" name="dropdownSelectTest.FacebookDropDownSelectAllMonths" tests="1" failures="0" timestamp="06 Mar 2018 11:59:30 GMT" time="9.543" errors="0">
  <testcase name="monthSelect" time="9.543" classname="dropdownSelectTest.FacebookDropDownSelectAllMonths"/>
</testsuite> <!-- dropdownSelectTest.FacebookDropDownSelectAllMonths -->
