<?xml version="1.0" encoding="UTF-8"?>
<!-- Generated by org.testng.reporters.JUnitReportReporter -->
<testsuite skipped="0" hostname="Dell" name="dropdownSelectTest.FacebookDropDownSelectMonth" tests="1" failures="0" timestamp="06 Mar 2018 11:46:17 GMT" time="15.267" errors="0">
  <testcase name="monthSelect" time="15.267" classname="dropdownSelectTest.FacebookDropDownSelectMonth"/>
</testsuite> <!-- dropdownSelectTest.FacebookDropDownSelectMonth -->
