<?xml version="1.0" encoding="UTF-8"?>
<!-- Generated by org.testng.reporters.JUnitReportReporter -->
<testsuite skipped="0" hostname="Dell" name="readPropertiesFile.ReadPropertyFile" tests="1" failures="0" timestamp="14 Mar 2018 19:32:13 GMT" time="11.887" errors="0">
  <testcase name="readPropertyFile" time="11.887" classname="readPropertiesFile.ReadPropertyFile"/>
</testsuite> <!-- readPropertiesFile.ReadPropertyFile -->
