<?xml version="1.0" encoding="UTF-8"?>
<!-- Generated by org.testng.reporters.JUnitReportReporter -->
<testsuite skipped="0" hostname="Dell" name="testNGLearning.VerifyTitleCrossBrowser" tests="2" failures="0" timestamp="28 Feb 2018 11:07:05 GMT" time="55.170" errors="0">
  <testcase name="checkTitle" time="24.950" classname="testNGLearning.VerifyTitleCrossBrowser"/>
  <testcase name="checkTitle" time="30.220" classname="testNGLearning.VerifyTitleCrossBrowser"/>
</testsuite> <!-- testNGLearning.VerifyTitleCrossBrowser -->
