<?xml version="1.0" encoding="UTF-8"?>
<!-- Generated by org.testng.reporters.JUnitReportReporter -->
<testsuite skipped="0" hostname="Dell" name="testNGLearning.VerifyTitle" tests="1" failures="0" timestamp="26 Feb 2018 18:43:35 GMT" time="17.074" errors="0">
  <testcase name="checkTitle" time="17.074" classname="testNGLearning.VerifyTitle"/>
</testsuite> <!-- testNGLearning.VerifyTitle -->
