<?xml version="1.0" encoding="UTF-8"?>
<!-- Generated by org.testng.reporters.JUnitReportReporter -->
<testsuite skipped="0" hostname="Dell" name="mouseMovement.MouseOverTest" tests="1" failures="0" timestamp="14 Mar 2018 10:47:55 GMT" time="13.507" errors="0">
  <testcase name="mouseOverTest" time="13.507" classname="mouseMovement.MouseOverTest"/>
</testsuite> <!-- mouseMovement.MouseOverTest -->
