<?xml version="1.0" encoding="UTF-8"?>
<!-- Generated by org.testng.reporters.JUnitReportReporter -->
<testsuite skipped="0" hostname="Dell" name="testNGLearning.DataProviderTestFromExcel" tests="3" failures="0" timestamp="19 Mar 2018 19:26:24 GMT" time="45.406" errors="0">
  <testcase name="selectDate" time="15.326" classname="testNGLearning.DataProviderTestFromExcel"/>
  <testcase name="selectDate" time="15.140" classname="testNGLearning.DataProviderTestFromExcel"/>
  <testcase name="selectDate" time="14.940" classname="testNGLearning.DataProviderTestFromExcel"/>
</testsuite> <!-- testNGLearning.DataProviderTestFromExcel -->
