<?xml version="1.0" encoding="UTF-8"?>
<!-- Generated by org.testng.reporters.JUnitReportReporter -->
<testsuite skipped="0" hostname="Dell" name="popupHandel.BrowserPopupHandle" tests="1" failures="0" timestamp="14 Mar 2018 13:54:58 GMT" time="12.383" errors="0">
  <testcase name="browserPopupTest" time="12.383" classname="popupHandel.BrowserPopupHandle"/>
</testsuite> <!-- popupHandel.BrowserPopupHandle -->
