<?xml version="1.0" encoding="UTF-8"?>
<!-- Generated by org.testng.reporters.JUnitReportReporter -->
<testsuite skipped="0" hostname="Dell" name="testNGLearning.TestGrouping" tests="2" failures="0" timestamp="27 Feb 2018 17:51:19 GMT" time="0.019" errors="0">
  <testcase name="f2" time="0.016" classname="testNGLearning.TestGrouping"/>
  <testcase name="f5" time="0.003" classname="testNGLearning.TestGrouping"/>
</testsuite> <!-- testNGLearning.TestGrouping -->
