<?xml version="1.0" encoding="UTF-8"?>
<!-- Generated by org.testng.reporters.JUnitReportReporter -->
<testsuite skipped="0" hostname="Dell" name="popupHandel.AlertPopupHandle" tests="1" failures="0" timestamp="13 Mar 2018 17:22:25 GMT" time="30.553" errors="0">
  <testcase name="handleAlertPopup" time="30.553" classname="popupHandel.AlertPopupHandle"/>
</testsuite> <!-- popupHandel.AlertPopupHandle -->
