<?xml version="1.0" encoding="UTF-8"?>
<!-- Generated by org.testng.reporters.JUnitReportReporter -->
<testsuite skipped="0" hostname="Dell" name="dropdownSelectTest.FacebookDropDownSelectMonthVerify" tests="1" failures="0" timestamp="06 Mar 2018 12:05:17 GMT" time="8.884" errors="0">
  <testcase name="monthSelect" time="8.884" classname="dropdownSelectTest.FacebookDropDownSelectMonthVerify"/>
</testsuite> <!-- dropdownSelectTest.FacebookDropDownSelectMonthVerify -->
