<?xml version="1.0" encoding="UTF-8"?>
<!-- Generated by org.testng.reporters.JUnitReportReporter -->
<testsuite skipped="0" hostname="Dell" name="testNGLearning.TestDataProvider" tests="2" failures="0" timestamp="28 Feb 2018 18:18:03 GMT" time="0.015" errors="0">
  <testcase name="doDataProviderTest" time="0.012" classname="testNGLearning.TestDataProvider"/>
  <testcase name="doDataProviderTest" time="0.003" classname="testNGLearning.TestDataProvider"/>
</testsuite> <!-- testNGLearning.TestDataProvider -->
