<?xml version="1.0" encoding="UTF-8"?>
<!-- Generated by org.testng.reporters.JUnitReportReporter -->
<testsuite skipped="0" hostname="Dell" name="mouseMovement.ScrollTest" tests="1" failures="0" timestamp="03 Apr 2018 16:28:46 GMT" time="0.477" errors="0">
  <testcase name="TestScroll" time="0.477" classname="mouseMovement.ScrollTest"/>
</testsuite> <!-- mouseMovement.ScrollTest -->
