<?xml version="1.0" encoding="UTF-8"?>
<!-- Generated by org.testng.reporters.JUnitReportReporter -->
<testsuite skipped="0" hostname="Dell" name="testNGLearning.TestGroupingNew" tests="4" failures="0" timestamp="27 Feb 2018 17:51:19 GMT" time="0.008" errors="0">
  <testcase name="m3" time="0.001" classname="testNGLearning.TestGroupingNew"/>
  <testcase name="m1" time="0.003" classname="testNGLearning.TestGroupingNew"/>
  <testcase name="m2" time="0.002" classname="testNGLearning.TestGroupingNew"/>
  <testcase name="m4" time="0.002" classname="testNGLearning.TestGroupingNew"/>
</testsuite> <!-- testNGLearning.TestGroupingNew -->
