<?xml version="1.0" encoding="UTF-8"?>
<!-- Generated by org.testng.reporters.JUnitReportReporter -->
<testsuite skipped="0" hostname="Dell" name="testNGLearning.FacebookMethodDependency" tests="2" failures="0" timestamp="27 Feb 2018 11:19:51 GMT" time="11.587" errors="0">
  <testcase name="openFacebook" time="9.204" classname="testNGLearning.FacebookMethodDependency"/>
  <testcase name="loginFacebook" time="2.383" classname="testNGLearning.FacebookMethodDependency"/>
</testsuite> <!-- testNGLearning.FacebookMethodDependency -->
