<?xml version="1.0" encoding="UTF-8"?>
<!-- Generated by org.testng.reporters.JUnitReportReporter -->
<testsuite skipped="0" hostname="Dell" name="mouseMovement.DragAnddropTest" tests="1" failures="0" timestamp="14 Mar 2018 10:58:14 GMT" time="7.550" errors="0">
  <testcase name="mouseOverTest" time="7.550" classname="mouseMovement.DragAnddropTest"/>
</testsuite> <!-- mouseMovement.DragAnddropTest -->
